2015/01/29 13:42:08 [error] [exception.CDbException] exception 'CDbException' with message 'The table "tests" for active record class "Tests" cannot be found in the database.' in /opt/lampp/htdocs/IntITA/framework/db/ar/CActiveRecord.php:2362
Stack trace:
#0 /opt/lampp/htdocs/IntITA/framework/db/ar/CActiveRecord.php(411): CActiveRecordMetaData->__construct(Object(Tests))
#1 /opt/lampp/htdocs/IntITA/framework/db/ar/CActiveRecord.php(658): CActiveRecord->getMetaData()
#2 /opt/lampp/htdocs/IntITA/framework/db/ar/CActiveRecord.php(1601): CActiveRecord->getTableSchema()
#3 /opt/lampp/htdocs/IntITA/framework/web/CActiveDataProvider.php(228): CActiveRecord->count(Object(CDbCriteria))
#4 /opt/lampp/htdocs/IntITA/framework/web/CDataProvider.php(224): CActiveDataProvider->calculateTotalItemCount()
#5 /opt/lampp/htdocs/IntITA/framework/web/CActiveDataProvider.php(178): CDataProvider->getTotalItemCount()
#6 /opt/lampp/htdocs/IntITA/framework/web/CDataProvider.php(168): CActiveDataProvider->fetchData()
#7 /opt/lampp/htdocs/IntITA/framework/zii/widgets/CBaseListView.php(111): CDataProvider->getData()
#8 /opt/lampp/htdocs/IntITA/framework/zii/widgets/CListView.php(211): CBaseListView->init()
#9 /opt/lampp/htdocs/IntITA/framework/web/CBaseController.php(147): CListView->init()
#10 /opt/lampp/htdocs/IntITA/framework/web/CBaseController.php(172): CBaseController->createWidget('zii.widgets.CLi...', Array)
#11 /opt/lampp/htdocs/IntITA/protected/views/tests/index.php(20): CBaseController->widget('zii.widgets.CLi...', Array)
#12 /opt/lampp/htdocs/IntITA/framework/web/CBaseController.php(126): require('/opt/lampp/htdo...')
#13 /opt/lampp/htdocs/IntITA/framework/web/CBaseController.php(95): CBaseController->renderInternal('/opt/lampp/htdo...', Array, true)
#14 /opt/lampp/htdocs/IntITA/framework/web/CController.php(869): CBaseController->renderFile('/opt/lampp/htdo...', Array, true)
#15 /opt/lampp/htdocs/IntITA/framework/web/CController.php(782): CController->renderPartial('index', Array, true)
#16 /opt/lampp/htdocs/IntITA/protected/controllers/TestsController.php(128): CController->render('index', Array)
#17 /opt/lampp/htdocs/IntITA/framework/web/actions/CInlineAction.php(49): TestsController->actionIndex()
#18 /opt/lampp/htdocs/IntITA/framework/web/CController.php(308): CInlineAction->runWithParams(Array)
#19 /opt/lampp/htdocs/IntITA/framework/web/filters/CFilterChain.php(133): CController->runAction(Object(CInlineAction))
#20 /opt/lampp/htdocs/IntITA/framework/web/filters/CFilter.php(40): CFilterChain->run()
#21 /opt/lampp/htdocs/IntITA/framework/web/CController.php(1145): CFilter->filter(Object(CFilterChain))
#22 /opt/lampp/htdocs/IntITA/framework/web/filters/CInlineFilter.php(58): CController->filterAccessControl(Object(CFilterChain))
#23 /opt/lampp/htdocs/IntITA/framework/web/filters/CFilterChain.php(130): CInlineFilter->filter(Object(CFilterChain))
#24 /opt/lampp/htdocs/IntITA/framework/web/CController.php(291): CFilterChain->run()
#25 /opt/lampp/htdocs/IntITA/framework/web/CController.php(265): CController->runActionWithFilters(Object(CInlineAction), Array)
#26 /opt/lampp/htdocs/IntITA/framework/web/CWebApplication.php(282): CController->run('index')
#27 /opt/lampp/htdocs/IntITA/framework/web/CWebApplication.php(141): CWebApplication->runController('tests/index')
#28 /opt/lampp/htdocs/IntITA/framework/base/CApplication.php(180): CWebApplication->processRequest()
#29 /opt/lampp/htdocs/IntITA/index.php(13): CApplication->run()
#30 {main}
REQUEST_URI=/IntITA/index.php?r=tests/index
---
2015/01/29 13:42:25 [error] [exception.CException] exception 'CException' with message 'CAssetManager.basePath "/opt/lampp/htdocs/IntITA/assets" is invalid. Please make sure the directory exists and is writable by the Web server process.' in /opt/lampp/htdocs/IntITA/framework/web/CAssetManager.php:138
Stack trace:
#0 /opt/lampp/htdocs/IntITA/framework/web/CAssetManager.php(123): CAssetManager->setBasePath('/opt/lampp/htdo...')
#1 /opt/lampp/htdocs/IntITA/framework/web/CAssetManager.php(217): CAssetManager->getBasePath()
#2 /opt/lampp/htdocs/IntITA/framework/web/CClientScript.php(510): CAssetManager->publish('/opt/lampp/htdo...')
#3 /opt/lampp/htdocs/IntITA/framework/web/CClientScript.php(547): CClientScript->getCoreScriptUrl()
#4 /opt/lampp/htdocs/IntITA/framework/web/CClientScript.php(348): CClientScript->getPackageBaseUrl('jquery')
#5 /opt/lampp/htdocs/IntITA/framework/web/CClientScript.php(208): CClientScript->renderCoreScripts()
#6 /opt/lampp/htdocs/IntITA/framework/web/CController.php(351): CClientScript->render('<!DOCTYPE html>...')
#7 /opt/lampp/htdocs/IntITA/framework/web/CController.php(788): CController->processOutput('<!DOCTYPE html>...')
#8 /opt/lampp/htdocs/IntITA/protected/controllers/SiteController.php(72): CController->render('contact', Array)
#9 /opt/lampp/htdocs/IntITA/framework/web/actions/CInlineAction.php(49): SiteController->actionContact()
#10 /opt/lampp/htdocs/IntITA/framework/web/CController.php(308): CInlineAction->runWithParams(Array)
#11 /opt/lampp/htdocs/IntITA/framework/web/CController.php(286): CController->runAction(Object(CInlineAction))
#12 /opt/lampp/htdocs/IntITA/framework/web/CController.php(265): CController->runActionWithFilters(Object(CInlineAction), Array)
#13 /opt/lampp/htdocs/IntITA/framework/web/CWebApplication.php(282): CController->run('contact')
#14 /opt/lampp/htdocs/IntITA/framework/web/CWebApplication.php(141): CWebApplication->runController('site/contact')
#15 /opt/lampp/htdocs/IntITA/framework/base/CApplication.php(180): CWebApplication->processRequest()
#16 /opt/lampp/htdocs/IntITA/index.php(13): CApplication->run()
#17 {main}
REQUEST_URI=/IntITA/index.php?r=site/contact
HTTP_REFERER=http://localhost/IntITA/index.php?r=site/page&view=about
---
